<?xml version="1.0" encoding="UTF-8"?>
<!-- Generated by org.testng.reporters.JUnitReportReporter -->
<testsuite skipped="0" hostname="DESKTOP-AHU31D0" name="com.testNg.Programs.TravelInsurance" tests="3" failures="0" timestamp="2023-01-18T23:20:01 IST" time="0.023" errors="0">
  <testcase name="insuranceType" time="0.010" classname="com.testNg.Programs.TravelInsurance"/>
  <system-out/>
  <testcase name="propertyPremium" time="0.010" classname="com.testNg.Programs.TravelInsurance"/>
  <system-out/>
  <testcase name="insuranceTenure" time="0.003" classname="com.testNg.Programs.TravelInsurance"/>
  <system-out/>
</testsuite> <!-- com.testNg.Programs.TravelInsurance -->
