<?xml version="1.0" encoding="UTF-8"?>
<!-- Generated by org.testng.reporters.JUnitReportReporter -->
<testsuite hostname="DESKTOP-H5TQTBC" failures="0" tests="3" name="com.testNg.Programs.TravelInsurance" time="0.009" errors="0" timestamp="2023-01-16T18:26:38 IST" skipped="0">
  <testcase classname="com.testNg.Programs.TravelInsurance" name="insuranceType" time="0.007"/>
  <system-out/>
  <testcase classname="com.testNg.Programs.TravelInsurance" name="propertyPremium" time="0.001"/>
  <system-out/>
  <testcase classname="com.testNg.Programs.TravelInsurance" name="insuranceTenure" time="0.001"/>
  <system-out/>
</testsuite> <!-- com.testNg.Programs.TravelInsurance -->
