<?xml version="1.0" encoding="UTF-8"?>
<!-- Generated by org.testng.reporters.JUnitReportReporter -->
<testsuite hostname="DESKTOP-H5TQTBC" failures="0" tests="3" name="com.testNg.Programs.HealthInsurance" time="0.002" errors="0" timestamp="2023-01-16T13:41:09 IST" skipped="0">
  <testcase classname="com.testNg.Programs.HealthInsurance" name="healthInsuranceDetails" time="0.000"/>
  <system-out/>
  <testcase classname="com.testNg.Programs.HealthInsurance" name="healthInsurancePremium" time="0.001"/>
  <system-out/>
  <testcase classname="com.testNg.Programs.HealthInsurance" name="insuranceTenure" time="0.001"/>
  <system-out/>
</testsuite> <!-- com.testNg.Programs.HealthInsurance -->
