<?xml version="1.0" encoding="UTF-8"?>
<!-- Generated by org.testng.reporters.JUnitReportReporter -->
<testsuite hostname="DESKTOP-H5TQTBC" failures="0" tests="4" name="com.testNg.Programs.BikeInsurance" time="0.012" errors="0" timestamp="2023-01-16T16:23:06 IST" skipped="1">
  <testcase classname="com.testNg.Programs.BikeInsurance" name="insuranceType" time="0.006"/>
  <system-out/>
  <testcase classname="com.testNg.Programs.BikeInsurance" name="bikeDetails" time="0.001"/>
  <system-out/>
  <testcase classname="com.testNg.Programs.BikeInsurance" name="bikePremium" time="0.005"/>
  <system-out/>
  <testcase classname="com.testNg.Programs.BikeInsurance" name="insuranceTenure">
    <skipped/>
  </testcase> <!-- insuranceTenure -->
  <system-out/>
</testsuite> <!-- com.testNg.Programs.BikeInsurance -->
