<?xml version="1.0" encoding="UTF-8"?>
<!-- Generated by org.testng.reporters.JUnitReportReporter -->
<testsuite skipped="0" hostname="DESKTOP-AHU31D0" name="com.testNg.Programs.HealthInsurance" tests="1" failures="0" timestamp="2023-01-18T23:19:32 IST" time="0.014" errors="0">
  <testcase name="healthInsuranceDetails" time="0.014" classname="com.testNg.Programs.HealthInsurance"/>
  <system-out/>
</testsuite> <!-- com.testNg.Programs.HealthInsurance -->
