<?xml version="1.0" encoding="UTF-8"?>
<!-- Generated by org.testng.reporters.JUnitReportReporter -->
<testsuite hostname="DESKTOP-H5TQTBC" failures="0" tests="4" name="com.testNg.Programs.PropertyInsurance" time="0.003" errors="0" timestamp="2023-01-16T16:23:06 IST" skipped="0">
  <testcase classname="com.testNg.Programs.PropertyInsurance" name="insuranceType" time="0.000"/>
  <system-out/>
  <testcase classname="com.testNg.Programs.PropertyInsurance" name="properyDetails" time="0.001"/>
  <system-out/>
  <testcase classname="com.testNg.Programs.PropertyInsurance" name="propertyPremium" time="0.001"/>
  <system-out/>
  <testcase classname="com.testNg.Programs.PropertyInsurance" name="insuranceTenure" time="0.001"/>
  <system-out/>
</testsuite> <!-- com.testNg.Programs.PropertyInsurance -->
