<?xml version="1.0" encoding="UTF-8"?>
<!-- Generated by org.testng.reporters.JUnitReportReporter -->
<testsuite skipped="1" hostname="DESKTOP-AHU31D0" name="com.testNg.Programs.BikeInsurance" tests="4" failures="0" timestamp="2023-01-18T23:20:46 IST" time="0.021" errors="0">
  <testcase name="insuranceType" time="0.008" classname="com.testNg.Programs.BikeInsurance"/>
  <system-out/>
  <testcase name="bikeDetails" time="0.002" classname="com.testNg.Programs.BikeInsurance"/>
  <system-out/>
  <testcase name="bikePremium" time="0.011" classname="com.testNg.Programs.BikeInsurance"/>
  <system-out/>
  <testcase name="insuranceTenure" classname="com.testNg.Programs.BikeInsurance">
    <skipped/>
  </testcase> <!-- insuranceTenure -->
  <system-out/>
</testsuite> <!-- com.testNg.Programs.BikeInsurance -->
