<?xml version="1.0" encoding="UTF-8"?>
<!-- Generated by org.testng.reporters.JUnitReportReporter -->
<testsuite skipped="0" hostname="DESKTOP-AHU31D0" name="com.testNg.Programs.CarInsurance" tests="1" failures="0" timestamp="2023-01-18T23:19:32 IST" time="0.010" errors="0">
  <testcase name="insuranceType" time="0.010" classname="com.testNg.Programs.CarInsurance"/>
  <system-out/>
</testsuite> <!-- com.testNg.Programs.CarInsurance -->
