<?xml version="1.0" encoding="UTF-8"?>
<!-- Generated by org.testng.reporters.JUnitReportReporter -->
<testsuite hostname="DESKTOP-H5TQTBC" failures="0" tests="7" name="com.testNg.Programs.CarInsurance" time="0.011" errors="0" timestamp="2023-01-16T18:26:57 IST" skipped="0">
  <testcase classname="com.testNg.Programs.CarInsurance" name="insuranceType" time="0.001"/>
  <system-out/>
  <testcase classname="com.testNg.Programs.CarInsurance" name="displayCustomerDetails" time="0.000"/>
  <system-out/>
  <testcase classname="com.testNg.Programs.CarInsurance" name="displayCustomerDetails" time="0.001"/>
  <system-out/>
  <testcase classname="com.testNg.Programs.CarInsurance" name="displayCustomerDetails" time="0.006"/>
  <system-out/>
  <testcase classname="com.testNg.Programs.CarInsurance" name="carDetails" time="0.001"/>
  <system-out/>
  <testcase classname="com.testNg.Programs.CarInsurance" name="carPremium" time="0.001"/>
  <system-out/>
  <testcase classname="com.testNg.Programs.CarInsurance" name="insuranceTenure" time="0.001"/>
  <system-out/>
</testsuite> <!-- com.testNg.Programs.CarInsurance -->
