<?xml version="1.0" encoding="UTF-8"?>
<!-- Generated by org.testng.reporters.JUnitReportReporter -->
<testsuite hostname="DESKTOP-H5TQTBC" failures="0" tests="1" name="com.testNg.Programs.PrintLinksCountOnAPage" time="22.995" errors="0" timestamp="2023-01-13T21:46:53 IST" skipped="0">
  <testcase classname="com.testNg.Programs.PrintLinksCountOnAPage" name="CountNumberOfLinks" time="22.995"/>
  <system-out/>
</testsuite> <!-- com.testNg.Programs.PrintLinksCountOnAPage -->
